INFO org.example.orchestrator.AnalysisOrchestrator - Orchestrator started.
INFO org.example.orchestrator.AnalysisOrchestrator - BaselineAnalyzer started.
INFO org.example.baseline.BaselineAnalyzer - Baseline analysis started.
INFO org.example.baseline.BaselineAnalyzer - Baseline analysis parsed types=1471
INFO org.example.baseline.BaselineAnalyzer - Baseline analysis finished in 2478 ms. Files=259 Types=1471 Candidates=132
INFO org.example.orchestrator.AnalysisOrchestrator - BaselineAnalyzer finished. candidates=132
INFO org.example.orchestrator.AnalysisOrchestrator - SonarAnalyzer started.
INFO org.example.sonar.SonarAnalyzer - SonarQube analysis started.
INFO org.example.sonar.SonarScannerRunner - Starting SonarQube scan using MAVEN in F:\Bachelor Auswertung\commons-lang-master\commons-lang-master
INFO org.example.sonar.SonarScannerRunner - SonarQube scan finished. exitCode=0
WARNING org.example.sonar.SonarAnalyzer - SonarQube scan output did not include ceTaskId; fetching issues without waiting.
INFO org.example.sonar.SonarIssuesClient - Fetched SonarQube issues for rule java:S6539: 0
INFO org.example.sonar.SonarAnalyzer - SonarQube analysis finished in 52325 ms. Issues=0 Candidates=0
INFO org.example.orchestrator.AnalysisOrchestrator - SonarAnalyzer finished. candidates=0
INFO org.example.orchestrator.AnalysisOrchestrator - JDeodorantIntegration started.
INFO org.example.jdeodorant.JDeodorantIntegration - JDeodorant candidate fetch started.
INFO org.example.jdeodorant.JDeodorantIntegration - JDeodorant manual CSV path used.
INFO org.example.jdeodorant.JDeodorantImporter - JDeodorant manual CSV import used: F:\Bachelor Auswertung\Auwertungen\jdeodorant_commons-lang.csv
INFO org.example.jdeodorant.JDeodorantImporter - JDeodorant CSV import finished. Candidates=17
INFO org.example.jdeodorant.JDeodorantIntegration - JDeodorant candidate fetch finished. Candidates=17
INFO org.example.orchestrator.AnalysisOrchestrator - JDeodorantIntegration finished. candidates=17
INFO org.example.export.ResultExporter - Export started: F:\Bachelor Auswertung\Auwertungen\Auswertung Projekt\Commons-lang\commons-lang-master\results_commons-lang-master.csv
INFO org.example.export.ResultExporter - Export finished: F:\Bachelor Auswertung\Auwertungen\Auswertung Projekt\Commons-lang\commons-lang-master\results_commons-lang-master.csv entries=135
INFO org.example.export.ResultExporter - Export started: F:\Bachelor Auswertung\Auwertungen\Auswertung Projekt\Commons-lang\commons-lang-master\results_commons-lang-master.json
INFO org.example.export.ResultExporter - Export finished: F:\Bachelor Auswertung\Auwertungen\Auswertung Projekt\Commons-lang\commons-lang-master\results_commons-lang-master.json entries=135
INFO org.example.orchestrator.AnalysisOrchestrator - BlindNegativeSampling started. pool=135 detected=17
INFO org.example.sampling.SamplingEngine - SamplingEngine.sampleBlindNegativesTopPercentile seed=42 input=135 detected=17 undetected=118 requested=5 returned=5 percentile=0.1 bucket=12
INFO org.example.orchestrator.AnalysisOrchestrator - BlindNegativeSampling finished. blindSamples=5
INFO org.example.labeling.LabelCsvExporter - LabelCsvExporter started: F:\Bachelor Auswertung\Auwertungen\Auswertung Projekt\Commons-lang\commons-lang-master\labeling_input_commons-lang-master.csv candidates=22
INFO org.example.labeling.LabelCsvExporter - LabelCsvExporter finished: F:\Bachelor Auswertung\Auwertungen\Auswertung Projekt\Commons-lang\commons-lang-master\labeling_input_commons-lang-master.csv rows=22
INFO org.example.orchestrator.AnalysisOrchestrator - Orchestrator finished. candidates=22
